<?xml version="1.0" encoding="UTF-8"?>
<!-- Generated by org.testng.reporters.JUnitXMLReporter -->
<testsuite ignored="1" hostname="DESKTOP-1B6O86T" failures="1" tests="9" name="Test" time="18.129" errors="0" timestamp="16 Dec 2019 10:19:59 GMT">
  <testcase classname="com.managebgl.qa.testcases.TC001_Login_User" name="VerifySucessResponseOnValidLogin" time="4.701"/>
  <testcase classname="com.managebgl.qa.testcases.TC002_AddNewLog" name="VerifySucessResponseOnValidEntry" time="0.944"/>
  <testcase classname="com.managebgl.qa.testcases.TC003_UpdateLog" name="VerifySucessResponseOnValidEntry" time="0.878">
    <failure type="java.lang.AssertionError" message="1 expectation failed.
JSON path result doesn&amp;apos;t match.
Expected: &amp;lt;true&amp;gt;
  Actual: false
">
      <![CDATA[java.lang.AssertionError: 1 expectation failed.
JSON path result doesn't match.
Expected: <true>
  Actual: false

at org.codehaus.groovy.runtime.callsite.ConstructorSite$ConstructorSiteNoUnwrap.callConstructor(ConstructorSite.java:84)
at org.codehaus.groovy.runtime.callsite.CallSiteArray.defaultCallConstructor(CallSiteArray.java:59)
at org.codehaus.groovy.runtime.callsite.AbstractCallSite.callConstructor(AbstractCallSite.java:237)
at org.codehaus.groovy.runtime.callsite.AbstractCallSite.callConstructor(AbstractCallSite.java:249)
at io.restassured.internal.ResponseSpecificationImpl$HamcrestAssertionClosure.validate(ResponseSpecificationImpl.groovy:493)
at io.restassured.internal.ResponseSpecificationImpl$HamcrestAssertionClosure$validate$1.call(Unknown Source)
at io.restassured.internal.ResponseSpecificationImpl.validateResponseIfRequired(ResponseSpecificationImpl.groovy:671)
at org.codehaus.groovy.runtime.callsite.PlainObjectMetaMethodSite.doInvoke(PlainObjectMetaMethodSite.java:43)
at org.codehaus.groovy.runtime.callsite.PogoMetaMethodSite$PogoCachedMethodSiteNoUnwrapNoCoerce.invoke(PogoMetaMethodSite.java:190)
at org.codehaus.groovy.runtime.callsite.PogoMetaMethodSite.callCurrent(PogoMetaMethodSite.java:58)
at org.codehaus.groovy.runtime.callsite.AbstractCallSite.callCurrent(AbstractCallSite.java:168)
at io.restassured.internal.ResponseSpecificationImpl.body(ResponseSpecificationImpl.groovy:261)
at io.restassured.specification.ResponseSpecification$body$2.callCurrent(Unknown Source)
at io.restassured.internal.ResponseSpecificationImpl.body(ResponseSpecificationImpl.groovy:108)
at io.restassured.internal.ValidatableResponseOptionsImpl.body(ValidatableResponseOptionsImpl.java:244)
at io.restassured.internal.ValidatableResponseImpl.super$2$body(ValidatableResponseImpl.groovy)
at groovy.lang.MetaMethod.doMethodInvoke(MetaMethod.java:323)
at groovy.lang.MetaClassImpl.invokeMethod(MetaClassImpl.java:1217)
at org.codehaus.groovy.runtime.ScriptBytecodeAdapter.invokeMethodOnSuperN(ScriptBytecodeAdapter.java:144)
at io.restassured.internal.ValidatableResponseImpl.body(ValidatableResponseImpl.groovy:298)
at io.restassured.internal.ValidatableResponseImpl.body(ValidatableResponseImpl.groovy)
at com.managebgl.qa.testcases.TC003_UpdateLog.VerifySucessResponseOnValidEntry(TC003_UpdateLog.java:55)
... Removed 41 stack frames]]>
    </failure>
  </testcase> <!-- VerifySucessResponseOnValidEntry -->
  <testcase classname="com.managebgl.qa.testcases.TC004_DeleteLog" name="VerifySucessResponseOnDeleteLog" time="0.896"/>
  <testcase classname="com.managebgl.qa.testcases.TC005_Logout_User" name="VerifySucessResponseOnValidLogout" time="0.847"/>
  <testcase classname="com.managebgl.qa.testcases.TC001_Login_User" name="VerifyFailureResponseOnInvalidEmail" time="0.891"/>
  <testcase classname="com.managebgl.qa.testcases.TC002_AddNewLog" name="VerifyFailureResponseOnInvalidEntry" time="1.046"/>
  <testcase classname="com.managebgl.qa.testcases.TC003_UpdateLog" name="VerifyFailureResponseOnInvalidEntry" time="0.824"/>
  <testcase classname="com.managebgl.qa.testcases.TC004_DeleteLog" name="VerifyFailureResponseOnDeleteLog" time="0.843"/>
  <testcase classname="com.managebgl.qa.testcases.TC001_Login_User" name="VerifyFailureResponseOnInvalidPassoword" time="0.0">
    <ignored/>
  </testcase> <!-- VerifyFailureResponseOnInvalidPassoword -->
</testsuite> <!-- Test -->
